2022-01-05 14:25:39 +0000  Initial pipeline context: <IDEDistributionProcessingPipelineContext: 0x2e92867b0; archive(resolved)="<IDEArchive: 0x2cdd1cdf0>", distributionTask(resolved)="2", distributionDestination(resolved)="1", distributionMethod(resolved)="<IDEDistributionMethodiOSAdHoc: 0x2dedf3810>", team(resolved)="<IDEProvisioningDisambiguatableBasicTeam: 0x1335148c0; teamID='6VZ36AT3CP', teamName='Joshua Winkeljann', teamType='Individual', username='joshi.winkeljann@gmail.com', isFreeProvisioningTeam='0'>">
	Chain (14, self inclusive):
	<IDEDistributionProcessingPipelineContext: 0x2e92867b0; archive = "<IDEArchive: 0x2cdd1cdf0>", distributionMethod="<IDEDistributionMethodiOSAdHoc: 0x2dedf3810>", team="<IDEProvisioningDisambiguatableBasicTeam: 0x1335148c0; teamID='6VZ36AT3CP', teamName='Joshua Winkeljann', teamType='Individual', username='joshi.winkeljann@gmail.com', isFreeProvisioningTeam='0'>">
	<IDEDistributionProcessingPipelineContext: 0x2e943f250; archive = "<IDEArchive: 0x2cdd1cdf0>", distributionMethod="<IDEDistributionMethodiOSAdHoc: 0x2dedf3810>", team="<IDEProvisioningDisambiguatableBasicTeam: 0x1335148c0; teamID='6VZ36AT3CP', teamName='Joshua Winkeljann', teamType='Individual', username='joshi.winkeljann@gmail.com', isFreeProvisioningTeam='0'>">
	<IDEDistributionContext: 0x13aa9cd80; archive = "<IDEArchive: 0x2cdd1cdf0>", distributionMethod="<IDEDistributionMethodiOSAdHoc: 0x2dedf3810>", team="<IDEProvisioningDisambiguatableBasicTeam: 0x1335148c0; teamID='6VZ36AT3CP', teamName='Joshua Winkeljann', teamType='Individual', username='joshi.winkeljann@gmail.com', isFreeProvisioningTeam='0'>">
	<IDEDistributionContext: 0x13a97a270; archive = "<IDEArchive: 0x2cdd1cdf0>", distributionMethod="<IDEDistributionMethodiOSAdHoc: 0x2dedf3810>", team="<IDEProvisioningDisambiguatableBasicTeam: 0x1335148c0; teamID='6VZ36AT3CP', teamName='Joshua Winkeljann', teamType='Individual', username='joshi.winkeljann@gmail.com', isFreeProvisioningTeam='0'>">
	<IDEDistributionContext: 0x13aa9a130; archive = "<IDEArchive: 0x2cdd1cdf0>", distributionMethod="<IDEDistributionMethodiOSAdHoc: 0x2dedf3810>", team="<IDEProvisioningDisambiguatableBasicTeam: 0x1335148c0; teamID='6VZ36AT3CP', teamName='Joshua Winkeljann', teamType='Individual', username='joshi.winkeljann@gmail.com', isFreeProvisioningTeam='0'>">
	<IDEDistributionContext: 0x13aa85af0; archive = "<IDEArchive: 0x2cdd1cdf0>", distributionMethod="<IDEDistributionMethodiOSAdHoc: 0x2dedf3810>", team="<IDEProvisioningDisambiguatableBasicTeam: 0x1335148c0; teamID='6VZ36AT3CP', teamName='Joshua Winkeljann', teamType='Individual', username='joshi.winkeljann@gmail.com', isFreeProvisioningTeam='0'>">
	<IDEDistributionContext: 0x13ac75c80; archive = "<IDEArchive: 0x2cdd1cdf0>", distributionMethod="<IDEDistributionMethodiOSAdHoc: 0x2dedf3810>", team="<IDEProvisioningDisambiguatableBasicTeam: 0x1335148c0; teamID='6VZ36AT3CP', teamName='Joshua Winkeljann', teamType='Individual', username='joshi.winkeljann@gmail.com', isFreeProvisioningTeam='0'>">
	<IDEDistributionContext: 0x13ad33080; archive = "<IDEArchive: 0x2cdd1cdf0>", distributionMethod="<IDEDistributionMethodiOSAdHoc: 0x2dedf3810>", team="<IDEProvisioningDisambiguatableBasicTeam: 0x1335148c0; teamID='6VZ36AT3CP', teamName='Joshua Winkeljann', teamType='Individual', username='joshi.winkeljann@gmail.com', isFreeProvisioningTeam='0'>">
	<IDEDistributionContext: 0x2e923dc60; archive = "<IDEArchive: 0x2cdd1cdf0>", distributionMethod="<IDEDistributionMethodiOSAdHoc: 0x2dedf3810>", team="<IDEProvisioningDisambiguatableBasicTeam: 0x1335148c0; teamID='6VZ36AT3CP', teamName='Joshua Winkeljann', teamType='Individual', username='joshi.winkeljann@gmail.com', isFreeProvisioningTeam='0'>">
	<IDEDistributionContext: 0x2e926af50; archive = "<IDEArchive: 0x2cdd1cdf0>", distributionMethod="<IDEDistributionMethodiOSAdHoc: 0x2dedf3810>", team="(null)">
	<IDEDistributionContext: 0x13aa7b0f0; archive = "<IDEArchive: 0x2cdd1cdf0>", distributionMethod="<IDEDistributionMethodiOSAdHoc: 0x2dedf3810>", team="(null)">
	<IDEDistributionContext: 0x13aa7af20; archive = "<IDEArchive: 0x2cdd1cdf0>", distributionMethod="<IDEDistributionMethodiOSAdHoc: 0x2dedf3810>", team="(null)">
	<IDEDistributionContext: 0x2e92bde70; archive = "<IDEArchive: 0x2cdd1cdf0>", distributionMethod="<IDEDistributionMethodiOSAdHoc: 0x2dedf3810>", team="(null)">
	<IDEDistributionContext: 0x177ecdca0; archive = "<IDEArchive: 0x2cdd1cdf0>", distributionMethod="(null)", team="(null)">
</IDEDistributionProcessingPipelineContext: 0x2e92867b0>
2022-01-05 14:25:39 +0000  Processing step: IDEDistributionCreateDestRootStep
2022-01-05 14:25:39 +0000  Processing step: IDEDistributionCopyItemStep
2022-01-05 14:25:39 +0000  Running /usr/bin/ditto '-V' '/Users/joshuawinkeljann/Library/Developer/Xcode/Archives/2022-01-05/WinkeljannsRezepte 05.01.22, 15.22.xcarchive/Products/Applications/WinkeljannsRezepte.app' '/var/folders/xx/b90zz6cs68158qm6hmytt3zh0000gn/T/XcodeDistPipeline.~~~tR6LAS/Root/Payload/WinkeljannsRezepte.app'
2022-01-05 14:25:39 +0000  >>> Copying /Users/joshuawinkeljann/Library/Developer/Xcode/Archives/2022-01-05/WinkeljannsRezepte 05.01.22, 15.22.xcarchive/Products/Applications/WinkeljannsRezepte.app 
2022-01-05 14:25:39 +0000  copying file ./_CodeSignature/CodeResources ... 
2022-01-05 14:25:39 +0000  2985 bytes for ./_CodeSignature/CodeResources
2022-01-05 14:25:39 +0000  copying file ./Recipes.json ... 
2022-01-05 14:25:39 +0000  7929 bytes for ./Recipes.json
2022-01-05 14:25:39 +0000  copying file ./WinkeljannsRezepte ... 
2022-01-05 14:25:39 +0000  1002672 bytes for ./WinkeljannsRezepte
2022-01-05 14:25:39 +0000  copying file ./AppIcon60x60@2x.png ... 
2022-01-05 14:25:39 +0000  45960 bytes for ./AppIcon60x60@2x.png
2022-01-05 14:25:39 +0000  copying file ./Assets.car ... 
2022-01-05 14:25:39 +0000  434504 bytes for ./Assets.car
2022-01-05 14:25:39 +0000  copying file ./AppIcon76x76@2x~ipad.png ... 
2022-01-05 14:25:39 +0000  69900 bytes for ./AppIcon76x76@2x~ipad.png
2022-01-05 14:25:39 +0000  copying file ./embedded.mobileprovision ... 
2022-01-05 14:25:39 +0000  12231 bytes for ./embedded.mobileprovision
2022-01-05 14:25:39 +0000  copying file ./Info.plist ... 
2022-01-05 14:25:39 +0000  1440 bytes for ./Info.plist
2022-01-05 14:25:39 +0000  copying file ./PkgInfo ... 
2022-01-05 14:25:39 +0000  8 bytes for ./PkgInfo
2022-01-05 14:25:39 +0000  /usr/bin/ditto exited with 0
2022-01-05 14:25:39 +0000  Processing step: IDEDistributionEmbedProfileStep
2022-01-05 14:25:39 +0000  Processing step: IDEDistributionInfoPlistStep
2022-01-05 14:25:39 +0000  Skipping step: IDEDistributionInfoPlistStep because it said so
2022-01-05 14:25:39 +0000  Processing step: IDEDistributionAppThinningPlistStep
2022-01-05 14:25:39 +0000  Skipping step: IDEDistributionAppThinningPlistStep because it said so
2022-01-05 14:25:39 +0000  Processing step: IDEDistributionCompileBitcodeStep
2022-01-05 14:25:39 +0000  Skipping step: IDEDistributionCompileBitcodeStep because it said so
2022-01-05 14:25:39 +0000  Processing step: IDEDistributionCodeSlimmingStep
2022-01-05 14:25:39 +0000  Running /Applications/Xcode.app/Contents/Developer/Toolchains/XcodeDefault.xctoolchain/usr/bin/bitcode_strip '/var/folders/xx/b90zz6cs68158qm6hmytt3zh0000gn/T/XcodeDistPipeline.~~~tR6LAS/Root/Payload/WinkeljannsRezepte.app/WinkeljannsRezepte' '-r' '-keep_cs' '-o' '/var/folders/xx/b90zz6cs68158qm6hmytt3zh0000gn/T/XcodeDistPipeline.~~~tR6LAS/Root/Payload/WinkeljannsRezepte.app/WinkeljannsRezepte'
2022-01-05 14:25:39 +0000  /Applications/Xcode.app/Contents/Developer/Toolchains/XcodeDefault.xctoolchain/usr/bin/bitcode_strip exited with 0
2022-01-05 14:25:39 +0000  Processing step: IDEDistributionCopyBCSymbolMapsStep
2022-01-05 14:25:39 +0000  Skipping step: IDEDistributionCopyBCSymbolMapsStep because it said so
2022-01-05 14:25:39 +0000  Processing step: IDEDistributionSymbolsStep
2022-01-05 14:25:39 +0000  Skipping step: IDEDistributionSymbolsStep because it said so
2022-01-05 14:25:39 +0000  Processing step: IDEDistributionAppThinningStep
2022-01-05 14:25:39 +0000  Skipping step: IDEDistributionAppThinningStep because it said so
2022-01-05 14:25:39 +0000  Processing step: IDEDistributionArchThinningStep
2022-01-05 14:25:39 +0000  Running /Applications/Xcode.app/Contents/Developer/Toolchains/XcodeDefault.xctoolchain/usr/bin/lipo '/var/folders/xx/b90zz6cs68158qm6hmytt3zh0000gn/T/XcodeDistPipeline.~~~tR6LAS/Root/Payload/WinkeljannsRezepte.app/WinkeljannsRezepte' '-verify_arch' 'arm64e'
2022-01-05 14:25:39 +0000  /Applications/Xcode.app/Contents/Developer/Toolchains/XcodeDefault.xctoolchain/usr/bin/lipo exited with 1
2022-01-05 14:25:39 +0000  Skipping architecture thinning for item "WinkeljannsRezepte" because arch "arm64e" wasn't found
2022-01-05 14:25:39 +0000  Processing step: IDEDistributionODRStep
2022-01-05 14:25:39 +0000  Processing step: IDEDistributionStripXattrsStep
2022-01-05 14:25:39 +0000  Running /usr/bin/xattr '-crs' '/var/folders/xx/b90zz6cs68158qm6hmytt3zh0000gn/T/XcodeDistPipeline.~~~tR6LAS/Root/Payload/WinkeljannsRezepte.app'
2022-01-05 14:25:39 +0000  /usr/bin/xattr exited with 0
2022-01-05 14:25:39 +0000  Processing step: IDEDistributionCodesignStep
2022-01-05 14:25:39 +0000  Entitlements for <IDEDistributionItem: 0x2d8ee5650; bundleID='com.winkeljann-programming.Winkeljanns-Rezepte', path='<DVTFilePath:0x2e89889d0:'/Users/joshuawinkeljann/Library/Developer/Xcode/Archives/2022-01-05/WinkeljannsRezepte 05.01.22, 15.22.xcarchive/Products/Applications/WinkeljannsRezepte.app'>', codeSigningInfo='<_DVTCodeSigningInformation_Path: 0x2d2ea1710; isSigned='1', isAdHocSigned='0', signingCertificate='<DVTSigningCertificate: 0x2ed1705a0; name='Apple Development: joshi.winkeljann@gmail.com (PMR6456XNX)', hash='48E0ADF6BFEC07207E9648E0B8FB796802FA50E1', serialNumber='64B28E5F7D626A9EC520C44CC428DE34', certificateKinds='(
    "1.2.840.113635.100.6.1.12",
    "1.2.840.113635.100.6.1.2"
), issueDate='2021-07-06 18:35:15 +0000''>', entitlements='{
    "application-identifier" = "6VZ36AT3CP.com.winkeljann-programming.Winkeljanns-Rezepte";
    "com.apple.developer.team-identifier" = 6VZ36AT3CP;
    "get-task-allow" = 1;
    "keychain-access-groups" =     (
        "6VZ36AT3CP.com.winkeljann-programming.Winkeljanns-Rezepte"
    );
}', teamID='6VZ36AT3CP', identifier='com.winkeljann-programming.Winkeljanns-Rezepte', executablePath='<DVTFilePath:0x2eba0b6f0:'/Users/joshuawinkeljann/Library/Developer/Xcode/Archives/2022-01-05/WinkeljannsRezepte 05.01.22, 15.22.xcarchive/Products/Applications/WinkeljannsRezepte.app/WinkeljannsRezepte'>', hardenedRuntime='0'>'>: {
    "application-identifier" = "6VZ36AT3CP.com.winkeljann-programming.Winkeljanns-Rezepte";
    "com.apple.developer.team-identifier" = 6VZ36AT3CP;
    "get-task-allow" = 0;
    "keychain-access-groups" =     (
        "6VZ36AT3CP.com.winkeljann-programming.Winkeljanns-Rezepte"
    );
}
2022-01-05 14:25:39 +0000  Entitlements for <IDEDistributionItem: 0x2d8ee5650; bundleID='com.winkeljann-programming.Winkeljanns-Rezepte', path='<DVTFilePath:0x2e89889d0:'/Users/joshuawinkeljann/Library/Developer/Xcode/Archives/2022-01-05/WinkeljannsRezepte 05.01.22, 15.22.xcarchive/Products/Applications/WinkeljannsRezepte.app'>', codeSigningInfo='<_DVTCodeSigningInformation_Path: 0x2d2ea1710; isSigned='1', isAdHocSigned='0', signingCertificate='<DVTSigningCertificate: 0x2ed2de1c0; name='Apple Development: joshi.winkeljann@gmail.com (PMR6456XNX)', hash='48E0ADF6BFEC07207E9648E0B8FB796802FA50E1', serialNumber='64B28E5F7D626A9EC520C44CC428DE34', certificateKinds='(
    "1.2.840.113635.100.6.1.12",
    "1.2.840.113635.100.6.1.2"
), issueDate='2021-07-06 18:35:15 +0000''>', entitlements='{
    "application-identifier" = "6VZ36AT3CP.com.winkeljann-programming.Winkeljanns-Rezepte";
    "com.apple.developer.team-identifier" = 6VZ36AT3CP;
    "get-task-allow" = 1;
    "keychain-access-groups" =     (
        "6VZ36AT3CP.com.winkeljann-programming.Winkeljanns-Rezepte"
    );
}', teamID='6VZ36AT3CP', identifier='com.winkeljann-programming.Winkeljanns-Rezepte', executablePath='<DVTFilePath:0x2eba0b6f0:'/Users/joshuawinkeljann/Library/Developer/Xcode/Archives/2022-01-05/WinkeljannsRezepte 05.01.22, 15.22.xcarchive/Products/Applications/WinkeljannsRezepte.app/WinkeljannsRezepte'>', hardenedRuntime='0'>'> are: {
    "application-identifier" = "6VZ36AT3CP.com.winkeljann-programming.Winkeljanns-Rezepte";
    "com.apple.developer.team-identifier" = 6VZ36AT3CP;
    "get-task-allow" = 0;
    "keychain-access-groups" =     (
        "6VZ36AT3CP.com.winkeljann-programming.Winkeljanns-Rezepte"
    );
}
2022-01-05 14:25:39 +0000  Writing entitlements for <IDEDistributionItem: 0x2d8ee5650; bundleID='com.winkeljann-programming.Winkeljanns-Rezepte', path='<DVTFilePath:0x2e89889d0:'/Users/joshuawinkeljann/Library/Developer/Xcode/Archives/2022-01-05/WinkeljannsRezepte 05.01.22, 15.22.xcarchive/Products/Applications/WinkeljannsRezepte.app'>', codeSigningInfo='<_DVTCodeSigningInformation_Path: 0x2d2ea1710; isSigned='1', isAdHocSigned='0', signingCertificate='<DVTSigningCertificate: 0x2ed2cb050; name='Apple Development: joshi.winkeljann@gmail.com (PMR6456XNX)', hash='48E0ADF6BFEC07207E9648E0B8FB796802FA50E1', serialNumber='64B28E5F7D626A9EC520C44CC428DE34', certificateKinds='(
    "1.2.840.113635.100.6.1.12",
    "1.2.840.113635.100.6.1.2"
), issueDate='2021-07-06 18:35:15 +0000''>', entitlements='{
    "application-identifier" = "6VZ36AT3CP.com.winkeljann-programming.Winkeljanns-Rezepte";
    "com.apple.developer.team-identifier" = 6VZ36AT3CP;
    "get-task-allow" = 1;
    "keychain-access-groups" =     (
        "6VZ36AT3CP.com.winkeljann-programming.Winkeljanns-Rezepte"
    );
}', teamID='6VZ36AT3CP', identifier='com.winkeljann-programming.Winkeljanns-Rezepte', executablePath='<DVTFilePath:0x2eba0b6f0:'/Users/joshuawinkeljann/Library/Developer/Xcode/Archives/2022-01-05/WinkeljannsRezepte 05.01.22, 15.22.xcarchive/Products/Applications/WinkeljannsRezepte.app/WinkeljannsRezepte'>', hardenedRuntime='0'>'> to: /var/folders/xx/b90zz6cs68158qm6hmytt3zh0000gn/T/XcodeDistPipeline.~~~tR6LAS/entitlements~~~aiOMAS
2022-01-05 14:25:39 +0000  Running /usr/bin/codesign '-vvv' '--force' '--sign' '87A8BA5915E93B0FB3716E23A357BDF310BDA435' '--entitlements' '/var/folders/xx/b90zz6cs68158qm6hmytt3zh0000gn/T/XcodeDistPipeline.~~~tR6LAS/entitlements~~~aiOMAS' '--preserve-metadata=identifier,flags,runtime' '/var/folders/xx/b90zz6cs68158qm6hmytt3zh0000gn/T/XcodeDistPipeline.~~~tR6LAS/Root/Payload/WinkeljannsRezepte.app'
2022-01-05 14:25:39 +0000  /var/folders/xx/b90zz6cs68158qm6hmytt3zh0000gn/T/XcodeDistPipeline.~~~tR6LAS/Root/Payload/WinkeljannsRezepte.app: replacing existing signature
2022-01-05 14:25:39 +0000  /var/folders/xx/b90zz6cs68158qm6hmytt3zh0000gn/T/XcodeDistPipeline.~~~tR6LAS/Root/Payload/WinkeljannsRezepte.app: signed app bundle with Mach-O thin (arm64) [com.winkeljann-programming.Winkeljanns-Rezepte]
2022-01-05 14:25:39 +0000  /usr/bin/codesign exited with 0
2022-01-05 14:25:39 +0000  Processing step: IDEDistributionZipODRItemStep
2022-01-05 14:25:39 +0000  Skipping step: IDEDistributionZipODRItemStep because it said so
2022-01-05 14:25:39 +0000  Processing step: IDEDistributionCreateIPAStep
2022-01-05 14:25:39 +0000  Running /usr/bin/ditto '-V' '-c' '-k' '--norsrc' '/var/folders/xx/b90zz6cs68158qm6hmytt3zh0000gn/T/XcodeDistPipeline.~~~tR6LAS/Root' '/var/folders/xx/b90zz6cs68158qm6hmytt3zh0000gn/T/XcodeDistPipeline.~~~tR6LAS/Packages/WinkeljannsRezepte.ipa'
2022-01-05 14:25:39 +0000  >>> Copying /var/folders/xx/b90zz6cs68158qm6hmytt3zh0000gn/T/XcodeDistPipeline.~~~tR6LAS/Root 
2022-01-05 14:25:39 +0000  copying file ./Payload/WinkeljannsRezepte.app/_CodeSignature/CodeResources ... 
2022-01-05 14:25:39 +0000  2985 bytes for ./Payload/WinkeljannsRezepte.app/_CodeSignature/CodeResources
2022-01-05 14:25:39 +0000  copying file ./Payload/WinkeljannsRezepte.app/Recipes.json ... 
2022-01-05 14:25:39 +0000  7929 bytes for ./Payload/WinkeljannsRezepte.app/Recipes.json
2022-01-05 14:25:39 +0000  copying file ./Payload/WinkeljannsRezepte.app/WinkeljannsRezepte ... 
2022-01-05 14:25:39 +0000  226608 bytes for ./Payload/WinkeljannsRezepte.app/WinkeljannsRezepte
copying file ./Payload/WinkeljannsRezepte.app/AppIcon60x60@2x.png ... 
2022-01-05 14:25:39 +0000  45960 bytes for ./Payload/WinkeljannsRezepte.app/AppIcon60x60@2x.png
2022-01-05 14:25:39 +0000  copying file ./Payload/WinkeljannsRezepte.app/Assets.car ... 
2022-01-05 14:25:39 +0000  434504 bytes for ./Payload/WinkeljannsRezepte.app/Assets.car
2022-01-05 14:25:39 +0000  copying file ./Payload/WinkeljannsRezepte.app/AppIcon76x76@2x~ipad.png ... 
2022-01-05 14:25:39 +0000  69900 bytes for ./Payload/WinkeljannsRezepte.app/AppIcon76x76@2x~ipad.png
2022-01-05 14:25:39 +0000  copying file ./Payload/WinkeljannsRezepte.app/embedded.mobileprovision ... 
2022-01-05 14:25:39 +0000  14579 bytes for ./Payload/WinkeljannsRezepte.app/embedded.mobileprovision
2022-01-05 14:25:39 +0000  copying file ./Payload/WinkeljannsRezepte.app/Info.plist ... 
2022-01-05 14:25:39 +0000  1440 bytes for ./Payload/WinkeljannsRezepte.app/Info.plist
2022-01-05 14:25:39 +0000  copying file ./Payload/WinkeljannsRezepte.app/PkgInfo ... 
2022-01-05 14:25:39 +0000  8 bytes for ./Payload/WinkeljannsRezepte.app/PkgInfo
2022-01-05 14:25:39 +0000  /usr/bin/ditto exited with 0
2022-01-05 14:25:39 +0000  Processing step: IDEDistributionAppStoreInformationStep
2022-01-05 14:25:39 +0000  Skipping step: IDEDistributionAppStoreInformationStep because it said so
2022-01-05 14:25:39 +0000  Processing step: IDEDistributionGenerateProcessedDistributionItems
2022-01-05 14:25:39 +0000  IDEDistributionItem init <DVTFilePath:0x2e89657d0:'/var/folders/xx/b90zz6cs68158qm6hmytt3zh0000gn/T/XcodeDistPipeline.~~~tR6LAS/Root/Payload/WinkeljannsRezepte.app'>
2022-01-05 14:25:39 +0000  Processing step: IDEDistributionCreateManifestStep
